<?xml version="1.0" encoding="UTF-8"?>
<!-- Generated by org.testng.reporters.JUnitReportReporter -->
<testsuite hostname="RPC01" name="FactorialTest" tests="1" failures="0" timestamp="26 Apr 2016 05:57:14 GMT" time="0.000" errors="0">
  <testcase name="testFactorialValue" time="0.000" classname="FactorialTest"/>
</testsuite> <!-- FactorialTest -->
