<?xml version="1.0" encoding="UTF-8"?>
<!-- Generated by org.testng.reporters.JUnitReportReporter -->
<testsuite hostname="RPC01" name="MathTest" tests="4" failures="0" timestamp="26 Apr 2016 05:57:52 GMT" time="0.000" errors="0">
  <testcase name="testDivide" time="0.000" classname="MathTest"/>
  <testcase name="testAdd" time="0.000" classname="MathTest"/>
  <testcase name="testSub" time="0.000" classname="MathTest"/>
  <testcase name="testMult" time="0.000" classname="MathTest"/>
</testsuite> <!-- MathTest -->
